<?xml version="1.0" encoding="UTF-8"?>
<!-- Generated by org.testng.reporters.JUnitReportReporter -->
<testsuite hostname="Aadi-Flex15" failures="0" tests="1" name="tests.NewTest" time="2.228" errors="0" timestamp="2020-12-12T17:17:54 EST" skipped="0">
  <testcase classname="tests.NewTest" name="sampleTest" time="2.228"/>
  <system-out/>
</testsuite> <!-- tests.NewTest -->
