<?xml version="1.0" encoding="UTF-8"?>
<!-- Generated by org.testng.reporters.JUnitReportReporter -->
<testsuite hostname="Aadi-Flex15" failures="0" tests="1" name="DemoPackage.NewTest" time="8.398" errors="0" timestamp="2020-12-11T23:25:56 EST" skipped="0">
  <testcase classname="DemoPackage.NewTest" name="sampleTest" time="8.398"/>
  <system-out/>
</testsuite> <!-- DemoPackage.NewTest -->
