<?xml version="1.0" encoding="UTF-8"?>
<!-- Generated by org.testng.reporters.JUnitReportReporter -->
<testsuite hostname="Aadi-Flex15" failures="0" tests="1" name="tests.NewTest" time="0.867" errors="0" timestamp="2020-12-13T15:01:22 EST" skipped="0">
  <testcase classname="tests.NewTest" name="sampleTest" time="0.867"/>
  <system-out/>
</testsuite> <!-- tests.NewTest -->
