<?xml version="1.0" encoding="UTF-8"?>
<!-- Generated by org.testng.reporters.JUnitReportReporter -->
<testsuite hostname="Aadi-Flex15" failures="0" tests="1" name="tests.NewTest" time="0.000" errors="0" timestamp="2020-12-19T13:47:09 EST" skipped="1">
  <testcase classname="tests.NewTest" name="TC001_sampleTest" time="0.000">
    <skipped/>
  </testcase> <!-- TC001_sampleTest -->
  <system-out/>
</testsuite> <!-- tests.NewTest -->
