<?xml version="1.0" encoding="UTF-8"?>
<!-- Generated by org.testng.reporters.JUnitReportReporter -->
<testsuite hostname="Aadi-Flex15" failures="0" tests="1" name="tests.NewTest" time="2.959" errors="0" timestamp="2021-06-05T11:28:16 EDT" skipped="0">
  <testcase classname="tests.NewTest" name="TC001_sampleTest" time="2.959"/>
  <system-out/>
</testsuite> <!-- tests.NewTest -->
